[INFO ] [2670] [2023-11-04 14:31:39.324] [main] [com.Beymen.Tests.BeymenTestCaseStudy] - "Sonuca göre sergilenen ürünlerden rastgele bir ürün seçildi."
[INFO ] [2670] [2023-11-04 14:31:39.462] [main] [com.Beymen.Tests.BeymenTestCaseStudy] - "Seçilen ürünün ürün bilgisi ve tutar bilgisi txt dosyasına yazıldı."
[INFO ] [2670] [2023-11-04 14:31:45.494] [main] [com.Beymen.Tests.BeymenTestCaseStudy] - "Seçilen ürün sepete eklendi."
[INFO ] [2670] [2023-11-04 14:31:45.628] [main] [com.Beymen.Tests.BeymenTestCaseStudy] - "Ürün sayfasındaki fiyat ile sepette yer alan ürün fiyatının doğruluğu karşılaştırıldı."
[INFO ] [2670] [2023-11-04 14:31:46.014] [main] [com.Beymen.Tests.BeymenTestCaseStudy] - "Adet arttırılarak ürün adedinin 2 olduğu doğrulandı."
[INFO ] [2670] [2023-11-04 14:31:48.094] [main] [com.Beymen.Tests.BeymenTestCaseStudy] - "Ürün sepetten silinerek sepetin boş olduğu kontrol edildi."
[INFO ] [2729] [2023-11-04 14:33:58.261] [main] [com.Beymen.Tests.BeymenTestCaseStudy] - "www.beymen.com sitesi açılır"
[INFO ] [2729] [2023-11-04 14:33:58.618] [main] [com.Beymen.Tests.BeymenTestCaseStudy] - "Ana sayfanın açıldığı kontrol edildi."
[INFO ] [2729] [2023-11-04 14:34:01.332] [main] [com.Beymen.Tests.BeymenTestCaseStudy] - "Arama kutucuğuna şort kelimesi girilir.(Not = Şort kelimesi excel dosyası üzerinden 1 sütun 1 satırdan alınarak yazıldı. )"
[INFO ] [2729] [2023-11-04 14:34:02.454] [main] [com.Beymen.Tests.BeymenTestCaseStudy] - "Arama kutucuğuna girilen “şort” kelimesi silindi."
[INFO ] [2729] [2023-11-04 14:34:03.591] [main] [com.Beymen.Tests.BeymenTestCaseStudy] - "Arama kutucuğuna “gömlek” kelimesi girilir.(Not = Gömlek kelimesi excel dosyası üzerinden 2 sütun 1 satırdan alınarak yazıldı. )"
[INFO ] [2729] [2023-11-04 14:34:03.686] [main] [com.Beymen.Tests.BeymenTestCaseStudy] - "Klavye üzerinden “enter” tuşuna bastırıldı"
[INFO ] [2729] [2023-11-04 14:34:09.529] [main] [com.Beymen.Tests.BeymenTestCaseStudy] - "Sonuca göre sergilenen ürünlerden rastgele bir ürün seçildi."
[INFO ] [2729] [2023-11-04 14:34:09.681] [main] [com.Beymen.Tests.BeymenTestCaseStudy] - "Seçilen ürünün ürün bilgisi ve tutar bilgisi txt dosyasına yazıldı."
[INFO ] [2729] [2023-11-04 14:34:14.702] [main] [com.Beymen.Tests.BeymenTestCaseStudy] - "Seçilen ürün sepete eklendi."
[INFO ] [2729] [2023-11-04 14:34:14.794] [main] [com.Beymen.Tests.BeymenTestCaseStudy] - "Ürün sayfasındaki fiyat ile sepette yer alan ürün fiyatının doğruluğu karşılaştırıldı."
[INFO ] [2729] [2023-11-04 14:34:15.180] [main] [com.Beymen.Tests.BeymenTestCaseStudy] - "Adet arttırılarak ürün adedinin 2 olduğu doğrulandı."
[INFO ] [2729] [2023-11-04 14:34:16.440] [main] [com.Beymen.Tests.BeymenTestCaseStudy] - "Ürün sepetten silinerek sepetin boş olduğu kontrol edildi."
[INFO ] [2774] [2023-11-04 14:35:46.274] [main] [com.Beymen.Tests.BeymenTestCaseStudy] - "www.beymen.com sitesi açılır"
[INFO ] [2774] [2023-11-04 14:35:46.312] [main] [com.Beymen.Tests.BeymenTestCaseStudy] - "Ana sayfanın açıldığı kontrol edildi."
[INFO ] [2774] [2023-11-04 14:35:49.135] [main] [com.Beymen.Tests.BeymenTestCaseStudy] - "Arama kutucuğuna şort kelimesi girilir.(Not = Şort kelimesi excel dosyası üzerinden 1 sütun 1 satırdan alınarak yazıldı. )"
[INFO ] [2774] [2023-11-04 14:35:50.278] [main] [com.Beymen.Tests.BeymenTestCaseStudy] - "Arama kutucuğuna girilen “şort” kelimesi silindi."
[INFO ] [2774] [2023-11-04 14:35:51.440] [main] [com.Beymen.Tests.BeymenTestCaseStudy] - "Arama kutucuğuna “gömlek” kelimesi girilir.(Not = Gömlek kelimesi excel dosyası üzerinden 2 sütun 1 satırdan alınarak yazıldı. )"
[INFO ] [2774] [2023-11-04 14:35:51.523] [main] [com.Beymen.Tests.BeymenTestCaseStudy] - "Klavye üzerinden “enter” tuşuna bastırıldı"
[INFO ] [2774] [2023-11-04 14:35:57.879] [main] [com.Beymen.Tests.BeymenTestCaseStudy] - "Sonuca göre sergilenen ürünlerden rastgele bir ürün seçildi."
[INFO ] [2774] [2023-11-04 14:35:58.179] [main] [com.Beymen.Tests.BeymenTestCaseStudy] - "Seçilen ürünün ürün bilgisi ve tutar bilgisi txt dosyasına yazıldı."
